<?xml version="1.0" encoding="UTF-8"?>
<coverage generated="1600736418231" clover="3.2.0">
  <project timestamp="1600736418231" name="All files">
    <metrics statements="25" coveredstatements="6" conditionals="24" coveredconditionals="0" methods="6" coveredmethods="1" elements="55" coveredelements="7" complexity="0" loc="25" ncloc="25" packages="1" files="1" classes="1"/>
    <file name="index.js" path="E:\Project\plugin\postcss-px2units-plus\index.js">
      <metrics statements="25" coveredstatements="6" conditionals="24" coveredconditionals="0" methods="6" coveredmethods="1"/>
      <line num="1" count="1" type="cond" truecount="0" falsecount="1"/>
      <line num="2" count="11" type="stmt"/>
      <line num="38" count="11" type="stmt"/>
      <line num="39" count="0" type="cond" truecount="0" falsecount="2"/>
      <line num="40" count="0" type="stmt"/>
      <line num="41" count="0" type="stmt"/>
      <line num="42" count="0" type="cond" truecount="0" falsecount="2"/>
      <line num="50" count="11" type="stmt"/>
      <line num="51" count="0" type="cond" truecount="0" falsecount="6"/>
      <line num="52" count="0" type="stmt"/>
      <line num="54" count="0" type="stmt"/>
      <line num="58" count="11" type="stmt"/>
      <line num="62" count="0" type="cond" truecount="0" falsecount="2"/>
      <line num="64" count="0" type="stmt"/>
      <line num="65" count="0" type="cond" truecount="0" falsecount="5"/>
      <line num="66" count="0" type="cond" truecount="0" falsecount="2"/>
      <line num="67" count="0" type="stmt"/>
      <line num="68" count="0" type="stmt"/>
      <line num="69" count="0" type="cond" truecount="0" falsecount="2"/>
      <line num="70" count="0" type="stmt"/>
      <line num="74" count="0" type="stmt"/>
      <line num="78" count="0" type="cond" truecount="0" falsecount="2"/>
      <line num="79" count="0" type="stmt"/>
      <line num="81" count="0" type="stmt"/>
      <line num="86" count="1" type="stmt"/>
    </file>
  </project>
</coverage>
