{"E:\\Project\\plugin\\postcss-px2units-plus\\index.js": {"path":"E:\\Project\\plugin\\postcss-px2units-plus\\index.js","statementMap":{"0":{"start":{"line":1,"column":0},"end":{"line":85,"column":1}},"1":{"start":{"line":2,"column":15},"end":{"line":31,"column":13}},"2":{"start":{"line":38,"column":20},"end":{"line":44,"column":3}},"3":{"start":{"line":39,"column":4},"end":{"line":39,"column":23}},"4":{"start":{"line":39,"column":14},"end":{"line":39,"column":23}},"5":{"start":{"line":40,"column":4},"end":{"line":43,"column":6}},"6":{"start":{"line":41,"column":19},"end":{"line":41,"column":51}},"7":{"start":{"line":42,"column":6},"end":{"line":42,"column":107}},"8":{"start":{"line":50,"column":22},"end":{"line":56,"column":3}},"9":{"start":{"line":51,"column":4},"end":{"line":55,"column":5}},"10":{"start":{"line":52,"column":6},"end":{"line":52,"column":26}},"11":{"start":{"line":54,"column":6},"end":{"line":54,"column":40}},"12":{"start":{"line":58,"column":2},"end":{"line":84,"column":3}},"13":{"start":{"line":62,"column":28},"end":{"line":62,"column":112}},"14":{"start":{"line":64,"column":24},"end":{"line":76,"column":7}},"15":{"start":{"line":65,"column":8},"end":{"line":75,"column":9}},"16":{"start":{"line":66,"column":10},"end":{"line":71,"column":11}},"17":{"start":{"line":67,"column":12},"end":{"line":67,"column":39}},"18":{"start":{"line":68,"column":12},"end":{"line":68,"column":32}},"19":{"start":{"line":69,"column":17},"end":{"line":71,"column":11}},"20":{"start":{"line":70,"column":12},"end":{"line":70,"column":32}},"21":{"start":{"line":74,"column":10},"end":{"line":74,"column":52}},"22":{"start":{"line":78,"column":6},"end":{"line":82,"column":7}},"23":{"start":{"line":79,"column":8},"end":{"line":79,"column":48}},"24":{"start":{"line":81,"column":8},"end":{"line":81,"column":33}},"25":{"start":{"line":86,"column":0},"end":{"line":86,"column":29}}},"fnMap":{"0":{"name":"(anonymous_0)","decl":{"start":{"line":1,"column":17},"end":{"line":1,"column":18}},"loc":{"start":{"line":1,"column":35},"end":{"line":85,"column":1}},"line":1},"1":{"name":"(anonymous_1)","decl":{"start":{"line":38,"column":20},"end":{"line":38,"column":21}},"loc":{"start":{"line":38,"column":29},"end":{"line":44,"column":3}},"line":38},"2":{"name":"(anonymous_2)","decl":{"start":{"line":40,"column":48},"end":{"line":40,"column":49}},"loc":{"start":{"line":40,"column":68},"end":{"line":43,"column":5}},"line":40},"3":{"name":"(anonymous_3)","decl":{"start":{"line":50,"column":22},"end":{"line":50,"column":23}},"loc":{"start":{"line":50,"column":32},"end":{"line":56,"column":3}},"line":50},"4":{"name":"(anonymous_4)","decl":{"start":{"line":60,"column":4},"end":{"line":60,"column":5}},"loc":{"start":{"line":60,"column":15},"end":{"line":83,"column":5}},"line":60},"5":{"name":"(anonymous_5)","decl":{"start":{"line":64,"column":24},"end":{"line":64,"column":25}},"loc":{"start":{"line":64,"column":34},"end":{"line":76,"column":7}},"line":64}},"branchMap":{"0":{"loc":{"start":{"line":1,"column":18},"end":{"line":1,"column":30}},"type":"default-arg","locations":[{"start":{"line":1,"column":28},"end":{"line":1,"column":30}}],"line":1},"1":{"loc":{"start":{"line":39,"column":4},"end":{"line":39,"column":23}},"type":"if","locations":[{"start":{"line":39,"column":4},"end":{"line":39,"column":23}},{"start":{"line":39,"column":4},"end":{"line":39,"column":23}}],"line":39},"2":{"loc":{"start":{"line":42,"column":13},"end":{"line":42,"column":107}},"type":"cond-expr","locations":[{"start":{"line":42,"column":30},"end":{"line":42,"column":53}},{"start":{"line":42,"column":56},"end":{"line":42,"column":107}}],"line":42},"3":{"loc":{"start":{"line":51,"column":4},"end":{"line":55,"column":5}},"type":"if","locations":[{"start":{"line":51,"column":4},"end":{"line":55,"column":5}},{"start":{"line":51,"column":4},"end":{"line":55,"column":5}}],"line":51},"4":{"loc":{"start":{"line":51,"column":8},"end":{"line":51,"column":98}},"type":"binary-expr","locations":[{"start":{"line":51,"column":8},"end":{"line":51,"column":12}},{"start":{"line":51,"column":16},"end":{"line":51,"column":27}},{"start":{"line":51,"column":31},"end":{"line":51,"column":61}},{"start":{"line":51,"column":65},"end":{"line":51,"column":98}}],"line":51},"5":{"loc":{"start":{"line":62,"column":28},"end":{"line":62,"column":112}},"type":"cond-expr","locations":[{"start":{"line":62,"column":61},"end":{"line":62,"column":96}},{"start":{"line":62,"column":99},"end":{"line":62,"column":112}}],"line":62},"6":{"loc":{"start":{"line":65,"column":8},"end":{"line":75,"column":9}},"type":"if","locations":[{"start":{"line":65,"column":8},"end":{"line":75,"column":9}},{"start":{"line":65,"column":8},"end":{"line":75,"column":9}}],"line":65},"7":{"loc":{"start":{"line":65,"column":12},"end":{"line":65,"column":65}},"type":"binary-expr","locations":[{"start":{"line":65,"column":12},"end":{"line":65,"column":16}},{"start":{"line":65,"column":20},"end":{"line":65,"column":31}},{"start":{"line":65,"column":35},"end":{"line":65,"column":65}}],"line":65},"8":{"loc":{"start":{"line":66,"column":10},"end":{"line":71,"column":11}},"type":"if","locations":[{"start":{"line":66,"column":10},"end":{"line":71,"column":11}},{"start":{"line":66,"column":10},"end":{"line":71,"column":11}}],"line":66},"9":{"loc":{"start":{"line":69,"column":17},"end":{"line":71,"column":11}},"type":"if","locations":[{"start":{"line":69,"column":17},"end":{"line":71,"column":11}},{"start":{"line":69,"column":17},"end":{"line":71,"column":11}}],"line":69},"10":{"loc":{"start":{"line":78,"column":6},"end":{"line":82,"column":7}},"type":"if","locations":[{"start":{"line":78,"column":6},"end":{"line":82,"column":7}},{"start":{"line":78,"column":6},"end":{"line":82,"column":7}}],"line":78}},"s":{"0":1,"1":11,"2":11,"3":0,"4":0,"5":0,"6":0,"7":0,"8":11,"9":0,"10":0,"11":0,"12":11,"13":0,"14":0,"15":0,"16":0,"17":0,"18":0,"19":0,"20":0,"21":0,"22":0,"23":0,"24":0,"25":1},"f":{"0":11,"1":0,"2":0,"3":0,"4":0,"5":0},"b":{"0":[0],"1":[0,0],"2":[0,0],"3":[0,0],"4":[0,0,0,0],"5":[0,0],"6":[0,0],"7":[0,0,0],"8":[0,0],"9":[0,0],"10":[0,0]},"_coverageSchema":"1a1c01bbd47fc00a2c39e90264f33305004495a9","hash":"f3feedb8cdea94b978b2ccc889a2f95a0852ca0e"}
}
